2024-09-02T10:22:23.764Z [[32minfo[39m]: MongoDB URI:
2024-09-02T10:22:23.823Z [[32minfo[39m]: Loaded Stripe Secret Key in server.js: sk_test_51Pb04SRqiqspksZPLGJjsw6tA0HuWfUj5UL5jvK1dfE3du6xhstk2qbmAtkGXyTJd9VMSxmAiWLNCOaRidG67NDH00PDmFM9KV
2024-09-02T10:22:53.875Z [[31merror[39m]: Failed to connect to MongoDB: connect ECONNREFUSED 127.0.0.1:27017
2024-09-02T12:16:18.752Z [[32minfo[39m]: MongoDB URI:
2024-09-02T12:16:18.804Z [[32minfo[39m]: Loaded Stripe Secret Key in server.js: sk_test_51Pb04SRqiqspksZPLGJjsw6tA0HuWfUj5UL5jvK1dfE3du6xhstk2qbmAtkGXyTJd9VMSxmAiWLNCOaRidG67NDH00PDmFM9KV
2024-09-02T12:16:48.804Z [[31merror[39m]: Failed to connect to MongoDB: connect ECONNREFUSED 127.0.0.1:27017
2024-09-02T12:16:48.807Z [[31merror[39m]: MongoDB Connection Error: connect ECONNREFUSED 127.0.0.1:27017
2024-09-03T11:58:48.964Z [[32minfo[39m]: MongoDB URI:
2024-09-03T11:58:49.081Z [[32minfo[39m]: Loaded Stripe Secret Key in server.js: sk_test_51Pb04SRqiqspksZPLGJjsw6tA0HuWfUj5UL5jvK1dfE3du6xhstk2qbmAtkGXyTJd9VMSxmAiWLNCOaRidG67NDH00PDmFM9KV
2024-09-03T12:34:12.922Z [[32minfo[39m]: MongoDB URI:
2024-09-03T12:34:13.007Z [[32minfo[39m]: Loaded Stripe Secret Key in server.js: sk_test_51Pb04SRqiqspksZPLGJjsw6tA0HuWfUj5UL5jvK1dfE3du6xhstk2qbmAtkGXyTJd9VMSxmAiWLNCOaRidG67NDH00PDmFM9KV
2024-09-03T12:34:13.258Z [[32minfo[39m]: MongoDB connected successfully
2024-09-03T14:49:58.944Z [[32minfo[39m]: MongoDB URI:
2024-09-03T14:49:59.003Z [[32minfo[39m]: Loaded Stripe Secret Key in server.js: sk_test_51Pb04SRqiqspksZPLGJjsw6tA0HuWfUj5UL5jvK1dfE3du6xhstk2qbmAtkGXyTJd9VMSxmAiWLNCOaRidG67NDH00PDmFM9KV
2024-09-03T14:50:29.011Z [[31merror[39m]: Failed to connect to MongoDB: connect ECONNREFUSED 127.0.0.1:27017
2024-09-03T14:53:51.192Z [[32minfo[39m]: MongoDB URI:
2024-09-03T14:53:51.242Z [[32minfo[39m]: Loaded Stripe Secret Key in server.js: sk_test_51Pb04SRqiqspksZPLGJjsw6tA0HuWfUj5UL5jvK1dfE3du6xhstk2qbmAtkGXyTJd9VMSxmAiWLNCOaRidG67NDH00PDmFM9KV
2024-09-03T14:53:51.571Z [[32minfo[39m]: MongoDB connected successfully
2024-09-04T09:33:52.118Z [[32minfo[39m]: MongoDB URI:
2024-09-04T09:33:52.166Z [[32minfo[39m]: Loaded Stripe Secret Key in server.js: sk_test_51Pb04SRqiqspksZPLGJjsw6tA0HuWfUj5UL5jvK1dfE3du6xhstk2qbmAtkGXyTJd9VMSxmAiWLNCOaRidG67NDH00PDmFM9KV
2024-09-04T09:33:54.598Z [[32minfo[39m]: MongoDB connected successfully
2024-09-04T11:28:10.676Z [[32minfo[39m]: MongoDB URI:
2024-09-04T11:28:10.743Z [[32minfo[39m]: Loaded Stripe Secret Key in server.js: sk_test_51Pb04SRqiqspksZPLGJjsw6tA0HuWfUj5UL5jvK1dfE3du6xhstk2qbmAtkGXyTJd9VMSxmAiWLNCOaRidG67NDH00PDmFM9KV
2024-09-04T11:28:11.425Z [[32minfo[39m]: MongoDB connected successfully
2024-09-04T13:21:59.029Z [[32minfo[39m]: MongoDB URI:
2024-09-04T13:21:59.087Z [[32minfo[39m]: Loaded Stripe Secret Key in server.js: sk_test_51Pb04SRqiqspksZPLGJjsw6tA0HuWfUj5UL5jvK1dfE3du6xhstk2qbmAtkGXyTJd9VMSxmAiWLNCOaRidG67NDH00PDmFM9KV
2024-09-04T13:21:59.935Z [[32minfo[39m]: MongoDB connected successfully
2024-09-04T14:57:06.012Z [[32minfo[39m]: MongoDB URI:
2024-09-04T14:57:06.062Z [[32minfo[39m]: Loaded Stripe Secret Key in server.js: sk_test_51Pb04SRqiqspksZPLGJjsw6tA0HuWfUj5UL5jvK1dfE3du6xhstk2qbmAtkGXyTJd9VMSxmAiWLNCOaRidG67NDH00PDmFM9KV
2024-09-04T14:57:06.327Z [[32minfo[39m]: MongoDB connected successfully
2024-09-05T09:27:00.924Z [[32minfo[39m]: MongoDB URI:
2024-09-05T09:27:01.034Z [[32minfo[39m]: Loaded Stripe Secret Key in server.js: sk_test_51Pb04SRqiqspksZPLGJjsw6tA0HuWfUj5UL5jvK1dfE3du6xhstk2qbmAtkGXyTJd9VMSxmAiWLNCOaRidG67NDH00PDmFM9KV
2024-09-05T09:27:02.094Z [[32minfo[39m]: MongoDB connected successfully
2024-09-05T13:46:55.470Z [[32minfo[39m]: MongoDB URI:
2024-09-05T13:46:55.539Z [[32minfo[39m]: Loaded Stripe Secret Key in server.js: sk_test_51Pb04SRqiqspksZPLGJjsw6tA0HuWfUj5UL5jvK1dfE3du6xhstk2qbmAtkGXyTJd9VMSxmAiWLNCOaRidG67NDH00PDmFM9KV
2024-09-05T13:46:56.226Z [[32minfo[39m]: MongoDB connected successfully
2024-09-06T08:41:57.723Z [[32minfo[39m]: MongoDB URI:
2024-09-06T08:41:57.780Z [[32minfo[39m]: Loaded Stripe Secret Key in server.js: sk_test_51Pb04SRqiqspksZPLGJjsw6tA0HuWfUj5UL5jvK1dfE3du6xhstk2qbmAtkGXyTJd9VMSxmAiWLNCOaRidG67NDH00PDmFM9KV
2024-09-06T08:41:58.419Z [[32minfo[39m]: MongoDB connected successfully
2024-09-06T09:53:54.436Z [[32minfo[39m]: MongoDB URI:
2024-09-06T09:53:54.499Z [[32minfo[39m]: Loaded Stripe Secret Key in server.js: sk_test_51Pb04SRqiqspksZPLGJjsw6tA0HuWfUj5UL5jvK1dfE3du6xhstk2qbmAtkGXyTJd9VMSxmAiWLNCOaRidG67NDH00PDmFM9KV
2024-09-06T09:53:54.667Z [[32minfo[39m]: MongoDB connected successfully
2024-09-06T10:06:42.681Z [[32minfo[39m]: MongoDB URI:
2024-09-06T10:06:42.756Z [[32minfo[39m]: Loaded Stripe Secret Key in server.js: sk_test_51Pb04SRqiqspksZPLGJjsw6tA0HuWfUj5UL5jvK1dfE3du6xhstk2qbmAtkGXyTJd9VMSxmAiWLNCOaRidG67NDH00PDmFM9KV
2024-09-06T10:06:43.010Z [[32minfo[39m]: MongoDB connected successfully
2024-09-06T10:09:28.082Z [[32minfo[39m]: MongoDB URI:
2024-09-06T10:09:28.128Z [[32minfo[39m]: Loaded Stripe Secret Key in server.js: sk_test_51Pb04SRqiqspksZPLGJjsw6tA0HuWfUj5UL5jvK1dfE3du6xhstk2qbmAtkGXyTJd9VMSxmAiWLNCOaRidG67NDH00PDmFM9KV
2024-09-06T10:09:28.272Z [[32minfo[39m]: MongoDB connected successfully
2024-09-06T10:10:14.103Z [[32minfo[39m]: MongoDB URI:
2024-09-06T10:10:14.150Z [[32minfo[39m]: Loaded Stripe Secret Key in server.js: sk_test_51Pb04SRqiqspksZPLGJjsw6tA0HuWfUj5UL5jvK1dfE3du6xhstk2qbmAtkGXyTJd9VMSxmAiWLNCOaRidG67NDH00PDmFM9KV
2024-09-06T10:10:14.310Z [[32minfo[39m]: MongoDB connected successfully
2024-09-06T10:28:50.625Z [[32minfo[39m]: MongoDB URI:
2024-09-06T10:28:50.702Z [[32minfo[39m]: Loaded Stripe Secret Key in server.js: sk_test_51Pb04SRqiqspksZPLGJjsw6tA0HuWfUj5UL5jvK1dfE3du6xhstk2qbmAtkGXyTJd9VMSxmAiWLNCOaRidG67NDH00PDmFM9KV
2024-09-06T10:28:52.188Z [[32minfo[39m]: MongoDB connected successfully
2024-09-06T10:32:15.362Z [[32minfo[39m]: MongoDB URI:
2024-09-06T10:32:15.474Z [[32minfo[39m]: Loaded Stripe Secret Key in server.js: sk_test_51Pb04SRqiqspksZPLGJjsw6tA0HuWfUj5UL5jvK1dfE3du6xhstk2qbmAtkGXyTJd9VMSxmAiWLNCOaRidG67NDH00PDmFM9KV
2024-09-06T10:32:15.847Z [[32minfo[39m]: MongoDB connected successfully
2024-09-06T10:35:24.356Z [[32minfo[39m]: MongoDB URI:
2024-09-06T10:35:24.947Z [[32minfo[39m]: Loaded Stripe Secret Key in server.js: sk_test_51Pb04SRqiqspksZPLGJjsw6tA0HuWfUj5UL5jvK1dfE3du6xhstk2qbmAtkGXyTJd9VMSxmAiWLNCOaRidG67NDH00PDmFM9KV
2024-09-06T10:35:25.109Z [[32minfo[39m]: MongoDB connected successfully
2024-09-06T10:38:25.600Z [[32minfo[39m]: MongoDB URI:
2024-09-06T10:38:25.704Z [[32minfo[39m]: Loaded Stripe Secret Key in server.js: sk_test_51Pb04SRqiqspksZPLGJjsw6tA0HuWfUj5UL5jvK1dfE3du6xhstk2qbmAtkGXyTJd9VMSxmAiWLNCOaRidG67NDH00PDmFM9KV
2024-09-06T10:38:25.906Z [[32minfo[39m]: MongoDB connected successfully
2024-09-06T10:46:35.210Z [[32minfo[39m]: MongoDB URI:
2024-09-06T10:46:35.304Z [[32minfo[39m]: Loaded Stripe Secret Key in server.js: sk_test_51Pb04SRqiqspksZPLGJjsw6tA0HuWfUj5UL5jvK1dfE3du6xhstk2qbmAtkGXyTJd9VMSxmAiWLNCOaRidG67NDH00PDmFM9KV
2024-09-06T10:46:35.492Z [[32minfo[39m]: MongoDB connected successfully
2024-09-06T10:49:33.891Z [[32minfo[39m]: MongoDB URI:
2024-09-06T10:49:33.983Z [[32minfo[39m]: Loaded Stripe Secret Key in server.js: sk_test_51Pb04SRqiqspksZPLGJjsw6tA0HuWfUj5UL5jvK1dfE3du6xhstk2qbmAtkGXyTJd9VMSxmAiWLNCOaRidG67NDH00PDmFM9KV
2024-09-06T10:49:34.134Z [[32minfo[39m]: MongoDB connected successfully
2024-09-06T11:13:13.447Z [[32minfo[39m]: MongoDB URI:
2024-09-06T11:13:13.551Z [[32minfo[39m]: Loaded Stripe Secret Key in server.js: sk_test_51Pb04SRqiqspksZPLGJjsw6tA0HuWfUj5UL5jvK1dfE3du6xhstk2qbmAtkGXyTJd9VMSxmAiWLNCOaRidG67NDH00PDmFM9KV
2024-09-06T11:13:13.783Z [[32minfo[39m]: MongoDB connected successfully
2024-09-06T12:35:16.163Z [[32minfo[39m]: MongoDB URI:
2024-09-06T12:35:16.248Z [[32minfo[39m]: Loaded Stripe Secret Key in server.js: sk_test_51Pb04SRqiqspksZPLGJjsw6tA0HuWfUj5UL5jvK1dfE3du6xhstk2qbmAtkGXyTJd9VMSxmAiWLNCOaRidG67NDH00PDmFM9KV
2024-09-06T12:35:16.401Z [[32minfo[39m]: MongoDB connected successfully
2024-09-06T12:41:10.609Z [[32minfo[39m]: MongoDB URI:
2024-09-06T12:41:10.740Z [[32minfo[39m]: Loaded Stripe Secret Key in server.js: sk_test_51Pb04SRqiqspksZPLGJjsw6tA0HuWfUj5UL5jvK1dfE3du6xhstk2qbmAtkGXyTJd9VMSxmAiWLNCOaRidG67NDH00PDmFM9KV
2024-09-06T12:41:11.063Z [[32minfo[39m]: MongoDB connected successfully
2024-09-06T12:44:19.432Z [[32minfo[39m]: MongoDB URI:
2024-09-06T12:44:19.519Z [[32minfo[39m]: Loaded Stripe Secret Key in server.js: sk_test_51Pb04SRqiqspksZPLGJjsw6tA0HuWfUj5UL5jvK1dfE3du6xhstk2qbmAtkGXyTJd9VMSxmAiWLNCOaRidG67NDH00PDmFM9KV
2024-09-06T12:44:19.764Z [[32minfo[39m]: MongoDB connected successfully
2024-09-06T12:46:29.951Z [[32minfo[39m]: MongoDB URI:
2024-09-06T12:46:30.034Z [[32minfo[39m]: Loaded Stripe Secret Key in server.js: sk_test_51Pb04SRqiqspksZPLGJjsw6tA0HuWfUj5UL5jvK1dfE3du6xhstk2qbmAtkGXyTJd9VMSxmAiWLNCOaRidG67NDH00PDmFM9KV
2024-09-06T12:46:30.175Z [[32minfo[39m]: MongoDB connected successfully
2024-09-06T12:52:41.227Z [[32minfo[39m]: MongoDB URI:
2024-09-06T12:52:41.354Z [[32minfo[39m]: Loaded Stripe Secret Key in server.js: sk_test_51Pb04SRqiqspksZPLGJjsw6tA0HuWfUj5UL5jvK1dfE3du6xhstk2qbmAtkGXyTJd9VMSxmAiWLNCOaRidG67NDH00PDmFM9KV
2024-09-06T12:52:41.563Z [[32minfo[39m]: MongoDB connected successfully
2024-09-06T12:53:11.329Z [[32minfo[39m]: MongoDB URI:
2024-09-06T12:53:11.401Z [[32minfo[39m]: Loaded Stripe Secret Key in server.js: sk_test_51Pb04SRqiqspksZPLGJjsw6tA0HuWfUj5UL5jvK1dfE3du6xhstk2qbmAtkGXyTJd9VMSxmAiWLNCOaRidG67NDH00PDmFM9KV
2024-09-06T12:53:11.528Z [[32minfo[39m]: MongoDB connected successfully
2024-09-06T12:53:30.505Z [[32minfo[39m]: MongoDB URI:
2024-09-06T12:53:30.666Z [[32minfo[39m]: Loaded Stripe Secret Key in server.js: sk_test_51Pb04SRqiqspksZPLGJjsw6tA0HuWfUj5UL5jvK1dfE3du6xhstk2qbmAtkGXyTJd9VMSxmAiWLNCOaRidG67NDH00PDmFM9KV
2024-09-06T12:53:30.884Z [[32minfo[39m]: MongoDB connected successfully
2024-09-06T13:25:41.955Z [[32minfo[39m]: MongoDB URI:
2024-09-06T13:25:42.046Z [[32minfo[39m]: Loaded Stripe Secret Key in server.js: sk_test_51Pb04SRqiqspksZPLGJjsw6tA0HuWfUj5UL5jvK1dfE3du6xhstk2qbmAtkGXyTJd9VMSxmAiWLNCOaRidG67NDH00PDmFM9KV
2024-09-06T13:25:42.181Z [[32minfo[39m]: MongoDB connected successfully
2024-09-06T13:29:00.628Z [[32minfo[39m]: MongoDB URI:
2024-09-06T13:29:00.802Z [[32minfo[39m]: Loaded Stripe Secret Key in server.js: sk_test_51Pb04SRqiqspksZPLGJjsw6tA0HuWfUj5UL5jvK1dfE3du6xhstk2qbmAtkGXyTJd9VMSxmAiWLNCOaRidG67NDH00PDmFM9KV
2024-09-06T13:29:01.048Z [[32minfo[39m]: MongoDB connected successfully
2024-09-06T13:39:45.247Z [[32minfo[39m]: MongoDB URI:
2024-09-06T13:39:45.322Z [[32minfo[39m]: Loaded Stripe Secret Key in server.js: sk_test_51Pb04SRqiqspksZPLGJjsw6tA0HuWfUj5UL5jvK1dfE3du6xhstk2qbmAtkGXyTJd9VMSxmAiWLNCOaRidG67NDH00PDmFM9KV
2024-09-06T13:39:45.445Z [[32minfo[39m]: MongoDB connected successfully
2024-09-06T14:20:36.017Z [[32minfo[39m]: MongoDB URI:
2024-09-06T14:20:36.109Z [[32minfo[39m]: Loaded Stripe Secret Key in server.js: sk_test_51Pb04SRqiqspksZPLGJjsw6tA0HuWfUj5UL5jvK1dfE3du6xhstk2qbmAtkGXyTJd9VMSxmAiWLNCOaRidG67NDH00PDmFM9KV
2024-09-06T14:20:36.598Z [[32minfo[39m]: MongoDB connected successfully
2024-09-06T14:26:30.916Z [[32minfo[39m]: MongoDB URI:
2024-09-06T14:26:31.027Z [[32minfo[39m]: Loaded Stripe Secret Key in server.js: sk_test_51Pb04SRqiqspksZPLGJjsw6tA0HuWfUj5UL5jvK1dfE3du6xhstk2qbmAtkGXyTJd9VMSxmAiWLNCOaRidG67NDH00PDmFM9KV
2024-09-06T14:26:31.240Z [[32minfo[39m]: MongoDB connected successfully
2024-09-06T14:28:51.493Z [[32minfo[39m]: MongoDB URI:
2024-09-06T14:28:51.605Z [[32minfo[39m]: Loaded Stripe Secret Key in server.js: sk_test_51Pb04SRqiqspksZPLGJjsw6tA0HuWfUj5UL5jvK1dfE3du6xhstk2qbmAtkGXyTJd9VMSxmAiWLNCOaRidG67NDH00PDmFM9KV
2024-09-06T14:28:51.900Z [[32minfo[39m]: MongoDB connected successfully
2024-09-06T14:30:05.194Z [[32minfo[39m]: MongoDB URI:
2024-09-06T14:30:05.276Z [[32minfo[39m]: Loaded Stripe Secret Key in server.js: sk_test_51Pb04SRqiqspksZPLGJjsw6tA0HuWfUj5UL5jvK1dfE3du6xhstk2qbmAtkGXyTJd9VMSxmAiWLNCOaRidG67NDH00PDmFM9KV
2024-09-06T14:30:05.422Z [[32minfo[39m]: MongoDB connected successfully
2024-09-06T14:31:18.201Z [[32minfo[39m]: MongoDB URI:
2024-09-06T14:31:18.297Z [[32minfo[39m]: Loaded Stripe Secret Key in server.js: sk_test_51Pb04SRqiqspksZPLGJjsw6tA0HuWfUj5UL5jvK1dfE3du6xhstk2qbmAtkGXyTJd9VMSxmAiWLNCOaRidG67NDH00PDmFM9KV
2024-09-06T14:31:18.490Z [[32minfo[39m]: MongoDB connected successfully
2024-09-09T17:22:55.411Z [[32minfo[39m]: MongoDB URI:
2024-09-09T17:22:56.602Z [[32minfo[39m]: Loaded Stripe Secret Key in server.js: sk_test_51Pb04SRqiqspksZPLGJjsw6tA0HuWfUj5UL5jvK1dfE3du6xhstk2qbmAtkGXyTJd9VMSxmAiWLNCOaRidG67NDH00PDmFM9KV
2024-09-09T17:22:57.065Z [[32minfo[39m]: MongoDB connected successfully
2024-09-09T18:24:00.067Z [[32minfo[39m]: MongoDB URI:
2024-09-09T18:24:00.442Z [[32minfo[39m]: Loaded Stripe Secret Key in server.js: sk_test_51Pb04SRqiqspksZPLGJjsw6tA0HuWfUj5UL5jvK1dfE3du6xhstk2qbmAtkGXyTJd9VMSxmAiWLNCOaRidG67NDH00PDmFM9KV
2024-09-09T18:24:00.668Z [[32minfo[39m]: MongoDB connected successfully
2024-09-09T18:27:35.645Z [[32minfo[39m]: MongoDB URI:
2024-09-09T18:27:35.825Z [[32minfo[39m]: Loaded Stripe Secret Key in server.js: sk_test_51Pb04SRqiqspksZPLGJjsw6tA0HuWfUj5UL5jvK1dfE3du6xhstk2qbmAtkGXyTJd9VMSxmAiWLNCOaRidG67NDH00PDmFM9KV
2024-09-09T18:27:36.154Z [[32minfo[39m]: MongoDB connected successfully
2024-09-09T18:29:14.939Z [[32minfo[39m]: MongoDB URI:
2024-09-09T18:29:15.124Z [[32minfo[39m]: Loaded Stripe Secret Key in server.js: sk_test_51Pb04SRqiqspksZPLGJjsw6tA0HuWfUj5UL5jvK1dfE3du6xhstk2qbmAtkGXyTJd9VMSxmAiWLNCOaRidG67NDH00PDmFM9KV
2024-09-09T18:29:15.463Z [[32minfo[39m]: MongoDB connected successfully
2024-09-09T20:06:01.426Z [[32minfo[39m]: MongoDB URI:
2024-09-09T20:06:01.598Z [[32minfo[39m]: Loaded Stripe Secret Key in server.js: sk_test_51Pb04SRqiqspksZPLGJjsw6tA0HuWfUj5UL5jvK1dfE3du6xhstk2qbmAtkGXyTJd9VMSxmAiWLNCOaRidG67NDH00PDmFM9KV
2024-09-09T20:06:02.730Z [[32minfo[39m]: MongoDB connected successfully
2024-09-10T12:08:57.347Z [[32minfo[39m]: MongoDB URI:
2024-09-10T12:08:59.884Z [[32minfo[39m]: Loaded Stripe Secret Key in server.js: sk_test_51Pb04SRqiqspksZPLGJjsw6tA0HuWfUj5UL5jvK1dfE3du6xhstk2qbmAtkGXyTJd9VMSxmAiWLNCOaRidG67NDH00PDmFM9KV
2024-09-10T12:09:09.918Z [[32minfo[39m]: MongoDB connected successfully
2024-09-10T12:14:58.951Z [[32minfo[39m]: MongoDB URI:
2024-09-10T12:14:59.118Z [[32minfo[39m]: Loaded Stripe Secret Key in server.js: sk_test_51Pb04SRqiqspksZPLGJjsw6tA0HuWfUj5UL5jvK1dfE3du6xhstk2qbmAtkGXyTJd9VMSxmAiWLNCOaRidG67NDH00PDmFM9KV
2024-09-10T12:14:59.345Z [[32minfo[39m]: MongoDB connected successfully
2024-09-10T13:16:40.735Z [[32minfo[39m]: MongoDB URI:
2024-09-10T13:16:41.126Z [[32minfo[39m]: Loaded Stripe Secret Key in server.js: sk_test_51Pb04SRqiqspksZPLGJjsw6tA0HuWfUj5UL5jvK1dfE3du6xhstk2qbmAtkGXyTJd9VMSxmAiWLNCOaRidG67NDH00PDmFM9KV
2024-09-10T13:16:41.971Z [[32minfo[39m]: MongoDB connected successfully
2024-09-10T15:13:26.552Z [[32minfo[39m]: MongoDB URI:
2024-09-10T15:13:26.783Z [[32minfo[39m]: Loaded Stripe Secret Key in server.js: sk_test_51Pb04SRqiqspksZPLGJjsw6tA0HuWfUj5UL5jvK1dfE3du6xhstk2qbmAtkGXyTJd9VMSxmAiWLNCOaRidG67NDH00PDmFM9KV
2024-09-10T15:13:26.958Z [[32minfo[39m]: MongoDB connected successfully
2024-09-11T08:58:16.003Z [[32minfo[39m]: MongoDB URI:
2024-09-11T08:58:16.182Z [[32minfo[39m]: Loaded Stripe Secret Key in server.js: sk_test_51Pb04SRqiqspksZPLGJjsw6tA0HuWfUj5UL5jvK1dfE3du6xhstk2qbmAtkGXyTJd9VMSxmAiWLNCOaRidG67NDH00PDmFM9KV
2024-09-11T08:58:17.054Z [[32minfo[39m]: MongoDB connected successfully
2024-09-11T09:41:20.225Z [[32minfo[39m]: MongoDB URI:
2024-09-11T09:41:20.312Z [[32minfo[39m]: Loaded Stripe Secret Key in server.js: sk_test_51Pb04SRqiqspksZPLGJjsw6tA0HuWfUj5UL5jvK1dfE3du6xhstk2qbmAtkGXyTJd9VMSxmAiWLNCOaRidG67NDH00PDmFM9KV
2024-09-11T09:41:20.488Z [[32minfo[39m]: MongoDB connected successfully
2024-09-11T10:32:40.769Z [[32minfo[39m]: MongoDB URI:
2024-09-11T10:32:40.919Z [[32minfo[39m]: Loaded Stripe Secret Key in server.js: sk_test_51Pb04SRqiqspksZPLGJjsw6tA0HuWfUj5UL5jvK1dfE3du6xhstk2qbmAtkGXyTJd9VMSxmAiWLNCOaRidG67NDH00PDmFM9KV
2024-09-11T10:32:41.162Z [[32minfo[39m]: MongoDB connected successfully
2024-09-11T10:36:02.279Z [[32minfo[39m]: MongoDB URI:
2024-09-11T10:36:02.423Z [[32minfo[39m]: Loaded Stripe Secret Key in server.js: sk_test_51Pb04SRqiqspksZPLGJjsw6tA0HuWfUj5UL5jvK1dfE3du6xhstk2qbmAtkGXyTJd9VMSxmAiWLNCOaRidG67NDH00PDmFM9KV
2024-09-11T10:36:02.765Z [[32minfo[39m]: MongoDB connected successfully
2024-09-11T10:36:09.298Z [[32minfo[39m]: MongoDB URI:
2024-09-11T10:36:09.409Z [[32minfo[39m]: Loaded Stripe Secret Key in server.js: sk_test_51Pb04SRqiqspksZPLGJjsw6tA0HuWfUj5UL5jvK1dfE3du6xhstk2qbmAtkGXyTJd9VMSxmAiWLNCOaRidG67NDH00PDmFM9KV
2024-09-11T10:36:09.614Z [[32minfo[39m]: MongoDB connected successfully
2024-09-11T11:15:08.157Z [[32minfo[39m]: MongoDB URI:
2024-09-11T11:15:08.244Z [[32minfo[39m]: Loaded Stripe Secret Key in server.js: sk_test_51Pb04SRqiqspksZPLGJjsw6tA0HuWfUj5UL5jvK1dfE3du6xhstk2qbmAtkGXyTJd9VMSxmAiWLNCOaRidG67NDH00PDmFM9KV
2024-09-11T11:15:08.392Z [[32minfo[39m]: MongoDB connected successfully
2024-09-11T11:17:23.781Z [[32minfo[39m]: MongoDB URI:
2024-09-11T11:17:23.874Z [[32minfo[39m]: Loaded Stripe Secret Key in server.js: sk_test_51Pb04SRqiqspksZPLGJjsw6tA0HuWfUj5UL5jvK1dfE3du6xhstk2qbmAtkGXyTJd9VMSxmAiWLNCOaRidG67NDH00PDmFM9KV
2024-09-11T11:17:24.078Z [[32minfo[39m]: MongoDB connected successfully
2024-09-11T11:53:47.547Z [[32minfo[39m]: MongoDB URI:
2024-09-11T11:53:47.652Z [[32minfo[39m]: Loaded Stripe Secret Key in server.js: sk_test_51Pb04SRqiqspksZPLGJjsw6tA0HuWfUj5UL5jvK1dfE3du6xhstk2qbmAtkGXyTJd9VMSxmAiWLNCOaRidG67NDH00PDmFM9KV
2024-09-11T11:53:47.788Z [[32minfo[39m]: MongoDB connected successfully
2024-09-11T12:00:48.355Z [[32minfo[39m]: MongoDB URI:
2024-09-11T12:00:48.432Z [[32minfo[39m]: Loaded Stripe Secret Key in server.js: sk_test_51Pb04SRqiqspksZPLGJjsw6tA0HuWfUj5UL5jvK1dfE3du6xhstk2qbmAtkGXyTJd9VMSxmAiWLNCOaRidG67NDH00PDmFM9KV
2024-09-11T12:00:48.561Z [[32minfo[39m]: MongoDB connected successfully
2024-09-11T12:02:17.941Z [[32minfo[39m]: MongoDB URI:
2024-09-11T12:02:18.019Z [[32minfo[39m]: Loaded Stripe Secret Key in server.js: sk_test_51Pb04SRqiqspksZPLGJjsw6tA0HuWfUj5UL5jvK1dfE3du6xhstk2qbmAtkGXyTJd9VMSxmAiWLNCOaRidG67NDH00PDmFM9KV
2024-09-11T12:02:18.145Z [[32minfo[39m]: MongoDB connected successfully
2024-09-11T12:09:18.691Z [[32minfo[39m]: MongoDB URI:
2024-09-11T12:09:18.781Z [[32minfo[39m]: Loaded Stripe Secret Key in server.js: sk_test_51Pb04SRqiqspksZPLGJjsw6tA0HuWfUj5UL5jvK1dfE3du6xhstk2qbmAtkGXyTJd9VMSxmAiWLNCOaRidG67NDH00PDmFM9KV
2024-09-11T12:09:18.910Z [[32minfo[39m]: MongoDB connected successfully
2024-09-11T14:19:50.955Z [[32minfo[39m]: MongoDB URI:
2024-09-11T14:19:51.153Z [[32minfo[39m]: Loaded Stripe Secret Key in server.js: sk_test_51Pb04SRqiqspksZPLGJjsw6tA0HuWfUj5UL5jvK1dfE3du6xhstk2qbmAtkGXyTJd9VMSxmAiWLNCOaRidG67NDH00PDmFM9KV
2024-09-11T14:19:51.297Z [[32minfo[39m]: MongoDB connected successfully
2024-09-11T14:32:07.565Z [[32minfo[39m]: MongoDB URI:
2024-09-11T14:32:07.678Z [[32minfo[39m]: Loaded Stripe Secret Key in server.js: sk_test_51Pb04SRqiqspksZPLGJjsw6tA0HuWfUj5UL5jvK1dfE3du6xhstk2qbmAtkGXyTJd9VMSxmAiWLNCOaRidG67NDH00PDmFM9KV
2024-09-11T14:32:08.001Z [[32minfo[39m]: MongoDB connected successfully
2024-09-11T14:47:47.434Z [[32minfo[39m]: MongoDB URI:
2024-09-11T14:47:47.529Z [[32minfo[39m]: Loaded Stripe Secret Key in server.js: sk_test_51Pb04SRqiqspksZPLGJjsw6tA0HuWfUj5UL5jvK1dfE3du6xhstk2qbmAtkGXyTJd9VMSxmAiWLNCOaRidG67NDH00PDmFM9KV
2024-09-11T14:47:47.704Z [[32minfo[39m]: MongoDB connected successfully
2024-09-11T14:52:42.212Z [[32minfo[39m]: MongoDB URI:
2024-09-11T14:52:42.310Z [[32minfo[39m]: Loaded Stripe Secret Key in server.js: sk_test_51Pb04SRqiqspksZPLGJjsw6tA0HuWfUj5UL5jvK1dfE3du6xhstk2qbmAtkGXyTJd9VMSxmAiWLNCOaRidG67NDH00PDmFM9KV
2024-09-11T14:52:42.465Z [[32minfo[39m]: MongoDB connected successfully
2024-09-11T14:53:14.742Z [[32minfo[39m]: MongoDB URI:
2024-09-11T14:53:14.845Z [[32minfo[39m]: Loaded Stripe Secret Key in server.js: sk_test_51Pb04SRqiqspksZPLGJjsw6tA0HuWfUj5UL5jvK1dfE3du6xhstk2qbmAtkGXyTJd9VMSxmAiWLNCOaRidG67NDH00PDmFM9KV
2024-09-11T14:53:15.053Z [[32minfo[39m]: MongoDB connected successfully
2024-09-11T14:56:14.141Z [[32minfo[39m]: MongoDB URI:
2024-09-11T14:56:14.228Z [[32minfo[39m]: Loaded Stripe Secret Key in server.js: sk_test_51Pb04SRqiqspksZPLGJjsw6tA0HuWfUj5UL5jvK1dfE3du6xhstk2qbmAtkGXyTJd9VMSxmAiWLNCOaRidG67NDH00PDmFM9KV
2024-09-11T14:56:14.388Z [[32minfo[39m]: MongoDB connected successfully
2024-09-11T15:03:38.722Z [[32minfo[39m]: MongoDB URI:
2024-09-11T15:03:38.810Z [[32minfo[39m]: Loaded Stripe Secret Key in server.js: sk_test_51Pb04SRqiqspksZPLGJjsw6tA0HuWfUj5UL5jvK1dfE3du6xhstk2qbmAtkGXyTJd9VMSxmAiWLNCOaRidG67NDH00PDmFM9KV
2024-09-11T15:03:38.949Z [[32minfo[39m]: MongoDB connected successfully
2024-09-11T15:04:13.817Z [[32minfo[39m]: MongoDB URI:
2024-09-11T15:04:13.909Z [[32minfo[39m]: Loaded Stripe Secret Key in server.js: sk_test_51Pb04SRqiqspksZPLGJjsw6tA0HuWfUj5UL5jvK1dfE3du6xhstk2qbmAtkGXyTJd9VMSxmAiWLNCOaRidG67NDH00PDmFM9KV
2024-09-11T15:04:14.060Z [[32minfo[39m]: MongoDB connected successfully
2024-09-11T15:13:53.873Z [[32minfo[39m]: MongoDB URI:
2024-09-11T15:13:53.989Z [[32minfo[39m]: Loaded Stripe Secret Key in server.js: sk_test_51Pb04SRqiqspksZPLGJjsw6tA0HuWfUj5UL5jvK1dfE3du6xhstk2qbmAtkGXyTJd9VMSxmAiWLNCOaRidG67NDH00PDmFM9KV
2024-09-11T15:13:54.219Z [[32minfo[39m]: MongoDB connected successfully
2024-09-11T15:24:43.476Z [[32minfo[39m]: MongoDB URI:
2024-09-11T15:24:43.609Z [[32minfo[39m]: Loaded Stripe Secret Key in server.js: sk_test_51Pb04SRqiqspksZPLGJjsw6tA0HuWfUj5UL5jvK1dfE3du6xhstk2qbmAtkGXyTJd9VMSxmAiWLNCOaRidG67NDH00PDmFM9KV
2024-09-11T15:24:43.779Z [[32minfo[39m]: MongoDB connected successfully
2024-09-11T15:26:32.824Z [[32minfo[39m]: MongoDB URI:
2024-09-11T15:26:32.916Z [[32minfo[39m]: Loaded Stripe Secret Key in server.js: sk_test_51Pb04SRqiqspksZPLGJjsw6tA0HuWfUj5UL5jvK1dfE3du6xhstk2qbmAtkGXyTJd9VMSxmAiWLNCOaRidG67NDH00PDmFM9KV
2024-09-11T15:26:33.082Z [[32minfo[39m]: MongoDB connected successfully
2024-09-11T15:27:11.333Z [[32minfo[39m]: MongoDB URI:
2024-09-11T15:27:11.400Z [[32minfo[39m]: Loaded Stripe Secret Key in server.js: sk_test_51Pb04SRqiqspksZPLGJjsw6tA0HuWfUj5UL5jvK1dfE3du6xhstk2qbmAtkGXyTJd9VMSxmAiWLNCOaRidG67NDH00PDmFM9KV
2024-09-11T15:27:11.660Z [[32minfo[39m]: MongoDB connected successfully
2024-09-11T15:29:18.623Z [[32minfo[39m]: MongoDB URI:
2024-09-11T15:29:18.665Z [[32minfo[39m]: Loaded Stripe Secret Key in server.js: sk_test_51Pb04SRqiqspksZPLGJjsw6tA0HuWfUj5UL5jvK1dfE3du6xhstk2qbmAtkGXyTJd9VMSxmAiWLNCOaRidG67NDH00PDmFM9KV
2024-09-11T15:29:18.810Z [[32minfo[39m]: MongoDB connected successfully
2024-09-12T09:55:08.198Z [[32minfo[39m]: MongoDB URI:
2024-09-12T09:55:08.415Z [[32minfo[39m]: Loaded Stripe Secret Key in server.js: sk_test_51Pb04SRqiqspksZPLGJjsw6tA0HuWfUj5UL5jvK1dfE3du6xhstk2qbmAtkGXyTJd9VMSxmAiWLNCOaRidG67NDH00PDmFM9KV
2024-09-12T09:55:09.181Z [[32minfo[39m]: MongoDB connected successfully
2024-09-12T13:14:59.020Z [[32minfo[39m]: MongoDB URI:
2024-09-12T13:14:59.361Z [[32minfo[39m]: Loaded Stripe Secret Key in server.js: sk_test_51Pb04SRqiqspksZPLGJjsw6tA0HuWfUj5UL5jvK1dfE3du6xhstk2qbmAtkGXyTJd9VMSxmAiWLNCOaRidG67NDH00PDmFM9KV
2024-09-12T13:14:59.589Z [[32minfo[39m]: MongoDB connected successfully
2024-09-12T13:15:09.308Z [[32minfo[39m]: MongoDB URI:
2024-09-12T13:15:09.409Z [[32minfo[39m]: Loaded Stripe Secret Key in server.js: sk_test_51Pb04SRqiqspksZPLGJjsw6tA0HuWfUj5UL5jvK1dfE3du6xhstk2qbmAtkGXyTJd9VMSxmAiWLNCOaRidG67NDH00PDmFM9KV
2024-09-12T13:15:09.609Z [[32minfo[39m]: MongoDB connected successfully
2024-09-12T13:15:44.770Z [[32minfo[39m]: MongoDB URI:
2024-09-12T13:15:44.856Z [[32minfo[39m]: Loaded Stripe Secret Key in server.js: sk_test_51Pb04SRqiqspksZPLGJjsw6tA0HuWfUj5UL5jvK1dfE3du6xhstk2qbmAtkGXyTJd9VMSxmAiWLNCOaRidG67NDH00PDmFM9KV
2024-09-12T13:15:45.053Z [[32minfo[39m]: MongoDB connected successfully
2024-09-12T13:16:17.142Z [[32minfo[39m]: MongoDB URI:
2024-09-12T13:16:17.275Z [[32minfo[39m]: Loaded Stripe Secret Key in server.js: sk_test_51Pb04SRqiqspksZPLGJjsw6tA0HuWfUj5UL5jvK1dfE3du6xhstk2qbmAtkGXyTJd9VMSxmAiWLNCOaRidG67NDH00PDmFM9KV
2024-09-12T13:16:17.512Z [[32minfo[39m]: MongoDB connected successfully
2024-09-12T13:34:06.798Z [[32minfo[39m]: MongoDB URI:
2024-09-12T13:34:06.943Z [[32minfo[39m]: Loaded Stripe Secret Key in server.js: sk_test_51Pb04SRqiqspksZPLGJjsw6tA0HuWfUj5UL5jvK1dfE3du6xhstk2qbmAtkGXyTJd9VMSxmAiWLNCOaRidG67NDH00PDmFM9KV
2024-09-12T13:34:07.144Z [[32minfo[39m]: MongoDB connected successfully
2024-09-12T13:37:03.563Z [[32minfo[39m]: MongoDB URI:
2024-09-12T13:37:03.653Z [[32minfo[39m]: Loaded Stripe Secret Key in server.js: sk_test_51Pb04SRqiqspksZPLGJjsw6tA0HuWfUj5UL5jvK1dfE3du6xhstk2qbmAtkGXyTJd9VMSxmAiWLNCOaRidG67NDH00PDmFM9KV
2024-09-12T13:37:03.821Z [[32minfo[39m]: MongoDB connected successfully
2024-09-12T14:59:13.670Z [[32minfo[39m]: MongoDB URI:
2024-09-12T14:59:13.752Z [[32minfo[39m]: Loaded Stripe Secret Key in server.js: sk_test_51Pb04SRqiqspksZPLGJjsw6tA0HuWfUj5UL5jvK1dfE3du6xhstk2qbmAtkGXyTJd9VMSxmAiWLNCOaRidG67NDH00PDmFM9KV
2024-09-12T14:59:13.886Z [[32minfo[39m]: MongoDB connected successfully
2024-09-12T15:14:33.494Z [[32minfo[39m]: MongoDB URI:
2024-09-12T15:14:33.566Z [[32minfo[39m]: Loaded Stripe Secret Key in server.js: sk_test_51Pb04SRqiqspksZPLGJjsw6tA0HuWfUj5UL5jvK1dfE3du6xhstk2qbmAtkGXyTJd9VMSxmAiWLNCOaRidG67NDH00PDmFM9KV
2024-09-12T15:14:33.698Z [[32minfo[39m]: MongoDB connected successfully
2024-09-12T15:26:57.713Z [[32minfo[39m]: MongoDB URI:
2024-09-12T15:26:57.799Z [[32minfo[39m]: Loaded Stripe Secret Key in server.js: sk_test_51Pb04SRqiqspksZPLGJjsw6tA0HuWfUj5UL5jvK1dfE3du6xhstk2qbmAtkGXyTJd9VMSxmAiWLNCOaRidG67NDH00PDmFM9KV
2024-09-12T15:26:57.960Z [[32minfo[39m]: MongoDB connected successfully
2024-09-12T15:27:09.756Z [[32minfo[39m]: MongoDB URI:
2024-09-12T15:27:09.835Z [[32minfo[39m]: Loaded Stripe Secret Key in server.js: sk_test_51Pb04SRqiqspksZPLGJjsw6tA0HuWfUj5UL5jvK1dfE3du6xhstk2qbmAtkGXyTJd9VMSxmAiWLNCOaRidG67NDH00PDmFM9KV
2024-09-12T15:27:09.963Z [[32minfo[39m]: MongoDB connected successfully
2024-09-12T15:32:13.553Z [[32minfo[39m]: MongoDB URI:
2024-09-12T15:32:13.626Z [[32minfo[39m]: Loaded Stripe Secret Key in server.js: sk_test_51Pb04SRqiqspksZPLGJjsw6tA0HuWfUj5UL5jvK1dfE3du6xhstk2qbmAtkGXyTJd9VMSxmAiWLNCOaRidG67NDH00PDmFM9KV
2024-09-12T15:32:13.913Z [[32minfo[39m]: MongoDB connected successfully
2024-09-12T15:47:05.376Z [[32minfo[39m]: MongoDB URI:
2024-09-12T15:47:05.458Z [[32minfo[39m]: Loaded Stripe Secret Key in server.js: sk_test_51Pb04SRqiqspksZPLGJjsw6tA0HuWfUj5UL5jvK1dfE3du6xhstk2qbmAtkGXyTJd9VMSxmAiWLNCOaRidG67NDH00PDmFM9KV
2024-09-12T15:47:05.600Z [[32minfo[39m]: MongoDB connected successfully
2024-09-13T10:57:56.759Z [[32minfo[39m]: MongoDB URI:
2024-09-13T10:57:57.410Z [[32minfo[39m]: Loaded Stripe Secret Key in server.js: sk_test_51Pb04SRqiqspksZPLGJjsw6tA0HuWfUj5UL5jvK1dfE3du6xhstk2qbmAtkGXyTJd9VMSxmAiWLNCOaRidG67NDH00PDmFM9KV
2024-09-13T10:57:58.612Z [[32minfo[39m]: MongoDB connected successfully
2024-09-13T11:50:06.799Z [[32minfo[39m]: MongoDB URI:
2024-09-13T11:50:06.886Z [[32minfo[39m]: Loaded Stripe Secret Key in server.js: sk_test_51Pb04SRqiqspksZPLGJjsw6tA0HuWfUj5UL5jvK1dfE3du6xhstk2qbmAtkGXyTJd9VMSxmAiWLNCOaRidG67NDH00PDmFM9KV
2024-09-13T11:50:07.095Z [[32minfo[39m]: MongoDB connected successfully
2024-09-13T12:15:07.934Z [[32minfo[39m]: MongoDB URI:
2024-09-13T12:15:08.052Z [[32minfo[39m]: Loaded Stripe Secret Key in server.js: sk_test_51Pb04SRqiqspksZPLGJjsw6tA0HuWfUj5UL5jvK1dfE3du6xhstk2qbmAtkGXyTJd9VMSxmAiWLNCOaRidG67NDH00PDmFM9KV
2024-09-13T12:15:08.238Z [[32minfo[39m]: MongoDB connected successfully
2024-09-13T12:21:29.842Z [[32minfo[39m]: MongoDB URI:
2024-09-13T12:21:29.914Z [[32minfo[39m]: Loaded Stripe Secret Key in server.js: sk_test_51Pb04SRqiqspksZPLGJjsw6tA0HuWfUj5UL5jvK1dfE3du6xhstk2qbmAtkGXyTJd9VMSxmAiWLNCOaRidG67NDH00PDmFM9KV
2024-09-13T12:21:30.043Z [[32minfo[39m]: MongoDB connected successfully
